<?xml version="1.0" encoding="UTF-8"?>
<!-- Generated by org.testng.reporters.JUnitXMLReporter -->
<testsuite ignored="0" hostname="LPDEV01" failures="0" tests="10" name="DataProviderTest" time="88.889" errors="0" timestamp="2024-03-20T11:25:51 IST">
  <testcase classname="mainPackage.RunnerClass" name="testMethod" time="27.879"/>
  <testcase classname="mainPackage.RunnerClass" name="testMethod" time="28.549"/>
  <testcase classname="mainPackage.RunnerClass" name="testMethod" time="28.565"/>
  <testcase classname="mainPackage.RunnerClass" name="testMethod" time="29.617"/>
  <testcase classname="mainPackage.RunnerClass" name="testMethod" time="30.675"/>
  <testcase classname="mainPackage.RunnerClass" name="testMethod" time="29.717"/>
  <testcase classname="mainPackage.RunnerClass" name="testMethod" time="29.206"/>
  <testcase classname="mainPackage.RunnerClass" name="testMethod" time="30.429"/>
  <testcase classname="mainPackage.RunnerClass" name="testMethod" time="29.516"/>
  <testcase classname="mainPackage.RunnerClass" name="testMethod" time="29.188"/>
</testsuite> <!-- DataProviderTest -->
