<?xml version="1.0" encoding="UTF-8"?>
<!-- Generated by org.testng.reporters.JUnitXMLReporter -->
<testsuite ignored="0" hostname="LPDEV01" failures="0" tests="12" name="DataProviderTest" time="718.448" errors="0" timestamp="2024-05-31T12:57:09 IST">
  <testcase classname="mainPackage.RunnerClass" name="testMethod" time="51.097"/>
  <testcase classname="mainPackage.RunnerClass" name="testMethod" time="45.763"/>
  <testcase classname="mainPackage.RunnerClass" name="testMethod" time="46.021"/>
  <testcase classname="mainPackage.RunnerClass" name="testMethod" time="53.809"/>
  <testcase classname="mainPackage.RunnerClass" name="testMethod" time="47.0"/>
  <testcase classname="mainPackage.RunnerClass" name="testMethod" time="16.146"/>
  <testcase classname="mainPackage.RunnerClass" name="testMethod" time="49.015"/>
  <testcase classname="mainPackage.RunnerClass" name="testMethod" time="43.374"/>
  <testcase classname="mainPackage.RunnerClass" name="testMethod" time="57.232"/>
  <testcase classname="mainPackage.RunnerClass" name="testMethod" time="42.018"/>
  <testcase classname="mainPackage.RunnerClass" name="testMethod" time="47.188"/>
  <testcase classname="mainPackage.RunnerClass" name="testMethod" time="44.753"/>
</testsuite> <!-- DataProviderTest -->
