<?xml version="1.0" encoding="UTF-8"?>
<testng-results ignored="0" total="41" passed="41" failed="0" skipped="0">
  <reporter-output>
  </reporter-output>
  <suite started-at="2024-03-20T22:05:24 IST" name="DataProviderSuite" finished-at="2024-03-20T22:18:07 IST" duration-ms="763709">
    <groups>
    </groups>
    <test started-at="2024-03-20T22:05:24 IST" name="DataProviderTest" finished-at="2024-03-20T22:18:07 IST" duration-ms="763709">
      <class name="mainPackage.RunnerClass">
        <test-method is-config="true" signature="setUp()[pri:0, instance:mainPackage.RunnerClass@1e800aaa]" started-at="2024-03-20T22:05:27 IST" name="setUp" finished-at="2024-03-20T22:05:43 IST" duration-ms="16018" status="PASS">
          <reporter-output>
          </reporter-output>
        </test-method> <!-- setUp -->
        <test-method is-config="true" signature="setUp()[pri:0, instance:mainPackage.RunnerClass@1e800aaa]" started-at="2024-03-20T22:05:27 IST" name="setUp" finished-at="2024-03-20T22:05:45 IST" duration-ms="18392" status="PASS">
          <reporter-output>
          </reporter-output>
        </test-method> <!-- setUp -->
        <test-method is-config="true" signature="setUp()[pri:0, instance:mainPackage.RunnerClass@1e800aaa]" started-at="2024-03-20T22:05:27 IST" name="setUp" finished-at="2024-03-20T22:05:43 IST" duration-ms="16088" status="PASS">
          <reporter-output>
          </reporter-output>
        </test-method> <!-- setUp -->
        <test-method signature="testMethod(java.lang.String,java.lang.String,java.lang.String,java.lang.String)[pri:0, instance:mainPackage.RunnerClass@1e800aaa]" started-at="2024-03-20T22:05:43 IST" name="testMethod" data-provider="testData" finished-at="2024-03-20T22:06:19 IST" duration-ms="36181" status="PASS">
          <params>
            <param index="0">
              <value>
                <![CDATA[479821]]>
              </value>
            </param>
            <param index="1">
              <value>
                <![CDATA[Spokane]]>
              </value>
            </param>
            <param index="2">
              <value>
                <![CDATA[5617188933]]>
              </value>
            </param>
            <param index="3">
              <value>
                <![CDATA[1000000038]]>
              </value>
            </param>
          </params>
          <reporter-output>
          </reporter-output>
        </test-method> <!-- testMethod -->
        <test-method signature="testMethod(java.lang.String,java.lang.String,java.lang.String,java.lang.String)[pri:0, instance:mainPackage.RunnerClass@1e800aaa]" started-at="2024-03-20T22:05:43 IST" name="testMethod" data-provider="testData" finished-at="2024-03-20T22:06:19 IST" duration-ms="35954" status="PASS">
          <params>
            <param index="0">
              <value>
                <![CDATA[479823]]>
              </value>
            </param>
            <param index="1">
              <value>
                <![CDATA[Spokane]]>
              </value>
            </param>
            <param index="2">
              <value>
                <![CDATA[5617188915]]>
              </value>
            </param>
            <param index="3">
              <value>
                <![CDATA[1000000020]]>
              </value>
            </param>
          </params>
          <reporter-output>
          </reporter-output>
        </test-method> <!-- testMethod -->
        <test-method signature="testMethod(java.lang.String,java.lang.String,java.lang.String,java.lang.String)[pri:0, instance:mainPackage.RunnerClass@1e800aaa]" started-at="2024-03-20T22:05:45 IST" name="testMethod" data-provider="testData" finished-at="2024-03-20T22:06:22 IST" duration-ms="36653" status="PASS">
          <params>
            <param index="0">
              <value>
                <![CDATA[479820]]>
              </value>
            </param>
            <param index="1">
              <value>
                <![CDATA[Spokane]]>
              </value>
            </param>
            <param index="2">
              <value>
                <![CDATA[5617188938]]>
              </value>
            </param>
            <param index="3">
              <value>
                <![CDATA[1000000042]]>
              </value>
            </param>
          </params>
          <reporter-output>
          </reporter-output>
        </test-method> <!-- testMethod -->
        <test-method is-config="true" signature="setUp()[pri:0, instance:mainPackage.RunnerClass@1e800aaa]" started-at="2024-03-20T22:06:19 IST" name="setUp" finished-at="2024-03-20T22:06:33 IST" duration-ms="14489" status="PASS">
          <reporter-output>
          </reporter-output>
        </test-method> <!-- setUp -->
        <test-method is-config="true" signature="setUp()[pri:0, instance:mainPackage.RunnerClass@1e800aaa]" started-at="2024-03-20T22:06:19 IST" name="setUp" finished-at="2024-03-20T22:06:36 IST" duration-ms="16947" status="PASS">
          <reporter-output>
          </reporter-output>
        </test-method> <!-- setUp -->
        <test-method is-config="true" signature="setUp()[pri:0, instance:mainPackage.RunnerClass@1e800aaa]" started-at="2024-03-20T22:06:22 IST" name="setUp" finished-at="2024-03-20T22:06:35 IST" duration-ms="13354" status="PASS">
          <reporter-output>
          </reporter-output>
        </test-method> <!-- setUp -->
        <test-method signature="testMethod(java.lang.String,java.lang.String,java.lang.String,java.lang.String)[pri:0, instance:mainPackage.RunnerClass@1e800aaa]" started-at="2024-03-20T22:06:33 IST" name="testMethod" data-provider="testData" finished-at="2024-03-20T22:07:12 IST" duration-ms="39346" status="PASS">
          <params>
            <param index="0">
              <value>
                <![CDATA[479824]]>
              </value>
            </param>
            <param index="1">
              <value>
                <![CDATA[Spokane]]>
              </value>
            </param>
            <param index="2">
              <value>
                <![CDATA[5617188912]]>
              </value>
            </param>
            <param index="3">
              <value>
                <![CDATA[1000000017]]>
              </value>
            </param>
          </params>
          <reporter-output>
          </reporter-output>
        </test-method> <!-- testMethod -->
        <test-method signature="testMethod(java.lang.String,java.lang.String,java.lang.String,java.lang.String)[pri:0, instance:mainPackage.RunnerClass@1e800aaa]" started-at="2024-03-20T22:06:35 IST" name="testMethod" data-provider="testData" finished-at="2024-03-20T22:07:13 IST" duration-ms="38284" status="PASS">
          <params>
            <param index="0">
              <value>
                <![CDATA[479826]]>
              </value>
            </param>
            <param index="1">
              <value>
                <![CDATA[Spokane]]>
              </value>
            </param>
            <param index="2">
              <value>
                <![CDATA[5617188903]]>
              </value>
            </param>
            <param index="3">
              <value>
                <![CDATA[1000000008]]>
              </value>
            </param>
          </params>
          <reporter-output>
          </reporter-output>
        </test-method> <!-- testMethod -->
        <test-method signature="testMethod(java.lang.String,java.lang.String,java.lang.String,java.lang.String)[pri:0, instance:mainPackage.RunnerClass@1e800aaa]" started-at="2024-03-20T22:06:36 IST" name="testMethod" data-provider="testData" finished-at="2024-03-20T22:07:15 IST" duration-ms="39350" status="PASS">
          <params>
            <param index="0">
              <value>
                <![CDATA[479825]]>
              </value>
            </param>
            <param index="1">
              <value>
                <![CDATA[Spokane]]>
              </value>
            </param>
            <param index="2">
              <value>
                <![CDATA[5617188932]]>
              </value>
            </param>
            <param index="3">
              <value>
                <![CDATA[1000000037]]>
              </value>
            </param>
          </params>
          <reporter-output>
          </reporter-output>
        </test-method> <!-- testMethod -->
        <test-method is-config="true" signature="setUp()[pri:0, instance:mainPackage.RunnerClass@1e800aaa]" started-at="2024-03-20T22:07:12 IST" name="setUp" finished-at="2024-03-20T22:07:42 IST" duration-ms="29685" status="PASS">
          <reporter-output>
          </reporter-output>
        </test-method> <!-- setUp -->
        <test-method is-config="true" signature="setUp()[pri:0, instance:mainPackage.RunnerClass@1e800aaa]" started-at="2024-03-20T22:07:13 IST" name="setUp" finished-at="2024-03-20T22:07:27 IST" duration-ms="13895" status="PASS">
          <reporter-output>
          </reporter-output>
        </test-method> <!-- setUp -->
        <test-method is-config="true" signature="setUp()[pri:0, instance:mainPackage.RunnerClass@1e800aaa]" started-at="2024-03-20T22:07:15 IST" name="setUp" finished-at="2024-03-20T22:07:30 IST" duration-ms="14718" status="PASS">
          <reporter-output>
          </reporter-output>
        </test-method> <!-- setUp -->
        <test-method signature="testMethod(java.lang.String,java.lang.String,java.lang.String,java.lang.String)[pri:0, instance:mainPackage.RunnerClass@1e800aaa]" started-at="2024-03-20T22:07:27 IST" name="testMethod" data-provider="testData" finished-at="2024-03-20T22:08:11 IST" duration-ms="43981" status="PASS">
          <params>
            <param index="0">
              <value>
                <![CDATA[479828]]>
              </value>
            </param>
            <param index="1">
              <value>
                <![CDATA[Spokane]]>
              </value>
            </param>
            <param index="2">
              <value>
                <![CDATA[5617188934]]>
              </value>
            </param>
            <param index="3">
              <value>
                <![CDATA[1000000039]]>
              </value>
            </param>
          </params>
          <reporter-output>
          </reporter-output>
        </test-method> <!-- testMethod -->
        <test-method signature="testMethod(java.lang.String,java.lang.String,java.lang.String,java.lang.String)[pri:0, instance:mainPackage.RunnerClass@1e800aaa]" started-at="2024-03-20T22:07:30 IST" name="testMethod" data-provider="testData" finished-at="2024-03-20T22:08:08 IST" duration-ms="38003" status="PASS">
          <params>
            <param index="0">
              <value>
                <![CDATA[479829]]>
              </value>
            </param>
            <param index="1">
              <value>
                <![CDATA[Spokane]]>
              </value>
            </param>
            <param index="2">
              <value>
                <![CDATA[5617188926]]>
              </value>
            </param>
            <param index="3">
              <value>
                <![CDATA[1000000031]]>
              </value>
            </param>
          </params>
          <reporter-output>
          </reporter-output>
        </test-method> <!-- testMethod -->
        <test-method signature="testMethod(java.lang.String,java.lang.String,java.lang.String,java.lang.String)[pri:0, instance:mainPackage.RunnerClass@1e800aaa]" started-at="2024-03-20T22:07:42 IST" name="testMethod" data-provider="testData" finished-at="2024-03-20T22:08:38 IST" duration-ms="55746" status="PASS">
          <params>
            <param index="0">
              <value>
                <![CDATA[479827]]>
              </value>
            </param>
            <param index="1">
              <value>
                <![CDATA[Spokane]]>
              </value>
            </param>
            <param index="2">
              <value>
                <![CDATA[5617188904]]>
              </value>
            </param>
            <param index="3">
              <value>
                <![CDATA[1000000009]]>
              </value>
            </param>
          </params>
          <reporter-output>
          </reporter-output>
        </test-method> <!-- testMethod -->
        <test-method is-config="true" signature="setUp()[pri:0, instance:mainPackage.RunnerClass@1e800aaa]" started-at="2024-03-20T22:08:08 IST" name="setUp" finished-at="2024-03-20T22:08:25 IST" duration-ms="17037" status="PASS">
          <reporter-output>
          </reporter-output>
        </test-method> <!-- setUp -->
        <test-method is-config="true" signature="setUp()[pri:0, instance:mainPackage.RunnerClass@1e800aaa]" started-at="2024-03-20T22:08:11 IST" name="setUp" finished-at="2024-03-20T22:08:25 IST" duration-ms="13809" status="PASS">
          <reporter-output>
          </reporter-output>
        </test-method> <!-- setUp -->
        <test-method signature="testMethod(java.lang.String,java.lang.String,java.lang.String,java.lang.String)[pri:0, instance:mainPackage.RunnerClass@1e800aaa]" started-at="2024-03-20T22:08:25 IST" name="testMethod" data-provider="testData" finished-at="2024-03-20T22:09:06 IST" duration-ms="41143" status="PASS">
          <params>
            <param index="0">
              <value>
                <![CDATA[479830]]>
              </value>
            </param>
            <param index="1">
              <value>
                <![CDATA[Spokane]]>
              </value>
            </param>
            <param index="2">
              <value>
                <![CDATA[5617188924]]>
              </value>
            </param>
            <param index="3">
              <value>
                <![CDATA[1000000029]]>
              </value>
            </param>
          </params>
          <reporter-output>
          </reporter-output>
        </test-method> <!-- testMethod -->
        <test-method signature="testMethod(java.lang.String,java.lang.String,java.lang.String,java.lang.String)[pri:0, instance:mainPackage.RunnerClass@1e800aaa]" started-at="2024-03-20T22:08:25 IST" name="testMethod" data-provider="testData" finished-at="2024-03-20T22:09:09 IST" duration-ms="44330" status="PASS">
          <params>
            <param index="0">
              <value>
                <![CDATA[479831]]>
              </value>
            </param>
            <param index="1">
              <value>
                <![CDATA[Spokane]]>
              </value>
            </param>
            <param index="2">
              <value>
                <![CDATA[5617188909]]>
              </value>
            </param>
            <param index="3">
              <value>
                <![CDATA[1000000014]]>
              </value>
            </param>
          </params>
          <reporter-output>
          </reporter-output>
        </test-method> <!-- testMethod -->
        <test-method is-config="true" signature="setUp()[pri:0, instance:mainPackage.RunnerClass@1e800aaa]" started-at="2024-03-20T22:08:38 IST" name="setUp" finished-at="2024-03-20T22:08:57 IST" duration-ms="19301" status="PASS">
          <reporter-output>
          </reporter-output>
        </test-method> <!-- setUp -->
        <test-method signature="testMethod(java.lang.String,java.lang.String,java.lang.String,java.lang.String)[pri:0, instance:mainPackage.RunnerClass@1e800aaa]" started-at="2024-03-20T22:08:57 IST" name="testMethod" data-provider="testData" finished-at="2024-03-20T22:09:42 IST" duration-ms="44687" status="PASS">
          <params>
            <param index="0">
              <value>
                <![CDATA[479832]]>
              </value>
            </param>
            <param index="1">
              <value>
                <![CDATA[Spokane]]>
              </value>
            </param>
            <param index="2">
              <value>
                <![CDATA[5617188920]]>
              </value>
            </param>
            <param index="3">
              <value>
                <![CDATA[1000000025]]>
              </value>
            </param>
          </params>
          <reporter-output>
          </reporter-output>
        </test-method> <!-- testMethod -->
        <test-method is-config="true" signature="setUp()[pri:0, instance:mainPackage.RunnerClass@1e800aaa]" started-at="2024-03-20T22:09:06 IST" name="setUp" finished-at="2024-03-20T22:09:21 IST" duration-ms="14820" status="PASS">
          <reporter-output>
          </reporter-output>
        </test-method> <!-- setUp -->
        <test-method is-config="true" signature="setUp()[pri:0, instance:mainPackage.RunnerClass@1e800aaa]" started-at="2024-03-20T22:09:09 IST" name="setUp" finished-at="2024-03-20T22:09:23 IST" duration-ms="13787" status="PASS">
          <reporter-output>
          </reporter-output>
        </test-method> <!-- setUp -->
        <test-method signature="testMethod(java.lang.String,java.lang.String,java.lang.String,java.lang.String)[pri:0, instance:mainPackage.RunnerClass@1e800aaa]" started-at="2024-03-20T22:09:21 IST" name="testMethod" data-provider="testData" finished-at="2024-03-20T22:10:00 IST" duration-ms="39249" status="PASS">
          <params>
            <param index="0">
              <value>
                <![CDATA[479833]]>
              </value>
            </param>
            <param index="1">
              <value>
                <![CDATA[Spokane]]>
              </value>
            </param>
            <param index="2">
              <value>
                <![CDATA[5617188919]]>
              </value>
            </param>
            <param index="3">
              <value>
                <![CDATA[1000000024]]>
              </value>
            </param>
          </params>
          <reporter-output>
          </reporter-output>
        </test-method> <!-- testMethod -->
        <test-method signature="testMethod(java.lang.String,java.lang.String,java.lang.String,java.lang.String)[pri:0, instance:mainPackage.RunnerClass@1e800aaa]" started-at="2024-03-20T22:09:23 IST" name="testMethod" data-provider="testData" finished-at="2024-03-20T22:10:02 IST" duration-ms="38664" status="PASS">
          <params>
            <param index="0">
              <value>
                <![CDATA[479834]]>
              </value>
            </param>
            <param index="1">
              <value>
                <![CDATA[Spokane]]>
              </value>
            </param>
            <param index="2">
              <value>
                <![CDATA[5617188921]]>
              </value>
            </param>
            <param index="3">
              <value>
                <![CDATA[1000000026]]>
              </value>
            </param>
          </params>
          <reporter-output>
          </reporter-output>
        </test-method> <!-- testMethod -->
        <test-method is-config="true" signature="setUp()[pri:0, instance:mainPackage.RunnerClass@1e800aaa]" started-at="2024-03-20T22:09:42 IST" name="setUp" finished-at="2024-03-20T22:09:56 IST" duration-ms="13854" status="PASS">
          <reporter-output>
          </reporter-output>
        </test-method> <!-- setUp -->
        <test-method signature="testMethod(java.lang.String,java.lang.String,java.lang.String,java.lang.String)[pri:0, instance:mainPackage.RunnerClass@1e800aaa]" started-at="2024-03-20T22:09:56 IST" name="testMethod" data-provider="testData" finished-at="2024-03-20T22:10:33 IST" duration-ms="37009" status="PASS">
          <params>
            <param index="0">
              <value>
                <![CDATA[479835]]>
              </value>
            </param>
            <param index="1">
              <value>
                <![CDATA[Spokane]]>
              </value>
            </param>
            <param index="2">
              <value>
                <![CDATA[5617188905]]>
              </value>
            </param>
            <param index="3">
              <value>
                <![CDATA[1000000010]]>
              </value>
            </param>
          </params>
          <reporter-output>
          </reporter-output>
        </test-method> <!-- testMethod -->
        <test-method is-config="true" signature="setUp()[pri:0, instance:mainPackage.RunnerClass@1e800aaa]" started-at="2024-03-20T22:10:00 IST" name="setUp" finished-at="2024-03-20T22:10:16 IST" duration-ms="15705" status="PASS">
          <reporter-output>
          </reporter-output>
        </test-method> <!-- setUp -->
        <test-method is-config="true" signature="setUp()[pri:0, instance:mainPackage.RunnerClass@1e800aaa]" started-at="2024-03-20T22:10:02 IST" name="setUp" finished-at="2024-03-20T22:10:16 IST" duration-ms="14499" status="PASS">
          <reporter-output>
          </reporter-output>
        </test-method> <!-- setUp -->
        <test-method signature="testMethod(java.lang.String,java.lang.String,java.lang.String,java.lang.String)[pri:0, instance:mainPackage.RunnerClass@1e800aaa]" started-at="2024-03-20T22:10:16 IST" name="testMethod" data-provider="testData" finished-at="2024-03-20T22:10:57 IST" duration-ms="41321" status="PASS">
          <params>
            <param index="0">
              <value>
                <![CDATA[479836]]>
              </value>
            </param>
            <param index="1">
              <value>
                <![CDATA[Spokane]]>
              </value>
            </param>
            <param index="2">
              <value>
                <![CDATA[5617188906]]>
              </value>
            </param>
            <param index="3">
              <value>
                <![CDATA[1000000011]]>
              </value>
            </param>
          </params>
          <reporter-output>
          </reporter-output>
        </test-method> <!-- testMethod -->
        <test-method signature="testMethod(java.lang.String,java.lang.String,java.lang.String,java.lang.String)[pri:0, instance:mainPackage.RunnerClass@1e800aaa]" started-at="2024-03-20T22:10:16 IST" name="testMethod" data-provider="testData" finished-at="2024-03-20T22:11:00 IST" duration-ms="44220" status="PASS">
          <params>
            <param index="0">
              <value>
                <![CDATA[479837]]>
              </value>
            </param>
            <param index="1">
              <value>
                <![CDATA[Spokane]]>
              </value>
            </param>
            <param index="2">
              <value>
                <![CDATA[5617188931]]>
              </value>
            </param>
            <param index="3">
              <value>
                <![CDATA[1000000036]]>
              </value>
            </param>
          </params>
          <reporter-output>
          </reporter-output>
        </test-method> <!-- testMethod -->
        <test-method is-config="true" signature="setUp()[pri:0, instance:mainPackage.RunnerClass@1e800aaa]" started-at="2024-03-20T22:10:33 IST" name="setUp" finished-at="2024-03-20T22:10:48 IST" duration-ms="15276" status="PASS">
          <reporter-output>
          </reporter-output>
        </test-method> <!-- setUp -->
        <test-method signature="testMethod(java.lang.String,java.lang.String,java.lang.String,java.lang.String)[pri:0, instance:mainPackage.RunnerClass@1e800aaa]" started-at="2024-03-20T22:10:48 IST" name="testMethod" data-provider="testData" finished-at="2024-03-20T22:11:24 IST" duration-ms="36338" status="PASS">
          <params>
            <param index="0">
              <value>
                <![CDATA[479838]]>
              </value>
            </param>
            <param index="1">
              <value>
                <![CDATA[Spokane]]>
              </value>
            </param>
            <param index="2">
              <value>
                <![CDATA[5617188908]]>
              </value>
            </param>
            <param index="3">
              <value>
                <![CDATA[1000000013]]>
              </value>
            </param>
          </params>
          <reporter-output>
          </reporter-output>
        </test-method> <!-- testMethod -->
        <test-method is-config="true" signature="setUp()[pri:0, instance:mainPackage.RunnerClass@1e800aaa]" started-at="2024-03-20T22:10:57 IST" name="setUp" finished-at="2024-03-20T22:11:10 IST" duration-ms="13402" status="PASS">
          <reporter-output>
          </reporter-output>
        </test-method> <!-- setUp -->
        <test-method is-config="true" signature="setUp()[pri:0, instance:mainPackage.RunnerClass@1e800aaa]" started-at="2024-03-20T22:11:00 IST" name="setUp" finished-at="2024-03-20T22:11:15 IST" duration-ms="14481" status="PASS">
          <reporter-output>
          </reporter-output>
        </test-method> <!-- setUp -->
        <test-method signature="testMethod(java.lang.String,java.lang.String,java.lang.String,java.lang.String)[pri:0, instance:mainPackage.RunnerClass@1e800aaa]" started-at="2024-03-20T22:11:10 IST" name="testMethod" data-provider="testData" finished-at="2024-03-20T22:11:47 IST" duration-ms="36801" status="PASS">
          <params>
            <param index="0">
              <value>
                <![CDATA[479839]]>
              </value>
            </param>
            <param index="1">
              <value>
                <![CDATA[Spokane]]>
              </value>
            </param>
            <param index="2">
              <value>
                <![CDATA[5617188911]]>
              </value>
            </param>
            <param index="3">
              <value>
                <![CDATA[1000000016]]>
              </value>
            </param>
          </params>
          <reporter-output>
          </reporter-output>
        </test-method> <!-- testMethod -->
        <test-method signature="testMethod(java.lang.String,java.lang.String,java.lang.String,java.lang.String)[pri:0, instance:mainPackage.RunnerClass@1e800aaa]" started-at="2024-03-20T22:11:15 IST" name="testMethod" data-provider="testData" finished-at="2024-03-20T22:11:56 IST" duration-ms="40935" status="PASS">
          <params>
            <param index="0">
              <value>
                <![CDATA[479840]]>
              </value>
            </param>
            <param index="1">
              <value>
                <![CDATA[Spokane]]>
              </value>
            </param>
            <param index="2">
              <value>
                <![CDATA[5617188923]]>
              </value>
            </param>
            <param index="3">
              <value>
                <![CDATA[1000000028]]>
              </value>
            </param>
          </params>
          <reporter-output>
          </reporter-output>
        </test-method> <!-- testMethod -->
        <test-method is-config="true" signature="setUp()[pri:0, instance:mainPackage.RunnerClass@1e800aaa]" started-at="2024-03-20T22:11:24 IST" name="setUp" finished-at="2024-03-20T22:11:44 IST" duration-ms="19420" status="PASS">
          <reporter-output>
          </reporter-output>
        </test-method> <!-- setUp -->
        <test-method signature="testMethod(java.lang.String,java.lang.String,java.lang.String,java.lang.String)[pri:0, instance:mainPackage.RunnerClass@1e800aaa]" started-at="2024-03-20T22:11:44 IST" name="testMethod" data-provider="testData" finished-at="2024-03-20T22:12:22 IST" duration-ms="37988" status="PASS">
          <params>
            <param index="0">
              <value>
                <![CDATA[479841]]>
              </value>
            </param>
            <param index="1">
              <value>
                <![CDATA[Spokane]]>
              </value>
            </param>
            <param index="2">
              <value>
                <![CDATA[5617188922]]>
              </value>
            </param>
            <param index="3">
              <value>
                <![CDATA[1000000027]]>
              </value>
            </param>
          </params>
          <reporter-output>
          </reporter-output>
        </test-method> <!-- testMethod -->
        <test-method is-config="true" signature="setUp()[pri:0, instance:mainPackage.RunnerClass@1e800aaa]" started-at="2024-03-20T22:11:47 IST" name="setUp" finished-at="2024-03-20T22:12:02 IST" duration-ms="14530" status="PASS">
          <reporter-output>
          </reporter-output>
        </test-method> <!-- setUp -->
        <test-method is-config="true" signature="setUp()[pri:0, instance:mainPackage.RunnerClass@1e800aaa]" started-at="2024-03-20T22:11:56 IST" name="setUp" finished-at="2024-03-20T22:12:08 IST" duration-ms="11650" status="PASS">
          <reporter-output>
          </reporter-output>
        </test-method> <!-- setUp -->
        <test-method signature="testMethod(java.lang.String,java.lang.String,java.lang.String,java.lang.String)[pri:0, instance:mainPackage.RunnerClass@1e800aaa]" started-at="2024-03-20T22:12:02 IST" name="testMethod" data-provider="testData" finished-at="2024-03-20T22:12:41 IST" duration-ms="39161" status="PASS">
          <params>
            <param index="0">
              <value>
                <![CDATA[479842]]>
              </value>
            </param>
            <param index="1">
              <value>
                <![CDATA[Spokane]]>
              </value>
            </param>
            <param index="2">
              <value>
                <![CDATA[5617188925]]>
              </value>
            </param>
            <param index="3">
              <value>
                <![CDATA[1000000030]]>
              </value>
            </param>
          </params>
          <reporter-output>
          </reporter-output>
        </test-method> <!-- testMethod -->
        <test-method signature="testMethod(java.lang.String,java.lang.String,java.lang.String,java.lang.String)[pri:0, instance:mainPackage.RunnerClass@1e800aaa]" started-at="2024-03-20T22:12:08 IST" name="testMethod" data-provider="testData" finished-at="2024-03-20T22:12:45 IST" duration-ms="37224" status="PASS">
          <params>
            <param index="0">
              <value>
                <![CDATA[479843]]>
              </value>
            </param>
            <param index="1">
              <value>
                <![CDATA[Spokane]]>
              </value>
            </param>
            <param index="2">
              <value>
                <![CDATA[5617188929]]>
              </value>
            </param>
            <param index="3">
              <value>
                <![CDATA[1000000034]]>
              </value>
            </param>
          </params>
          <reporter-output>
          </reporter-output>
        </test-method> <!-- testMethod -->
        <test-method is-config="true" signature="setUp()[pri:0, instance:mainPackage.RunnerClass@1e800aaa]" started-at="2024-03-20T22:12:22 IST" name="setUp" finished-at="2024-03-20T22:12:37 IST" duration-ms="15333" status="PASS">
          <reporter-output>
          </reporter-output>
        </test-method> <!-- setUp -->
        <test-method signature="testMethod(java.lang.String,java.lang.String,java.lang.String,java.lang.String)[pri:0, instance:mainPackage.RunnerClass@1e800aaa]" started-at="2024-03-20T22:12:37 IST" name="testMethod" data-provider="testData" finished-at="2024-03-20T22:13:18 IST" duration-ms="40762" status="PASS">
          <params>
            <param index="0">
              <value>
                <![CDATA[479844]]>
              </value>
            </param>
            <param index="1">
              <value>
                <![CDATA[Spokane]]>
              </value>
            </param>
            <param index="2">
              <value>
                <![CDATA[5617188936]]>
              </value>
            </param>
            <param index="3">
              <value>
                <![CDATA[1000000040]]>
              </value>
            </param>
          </params>
          <reporter-output>
          </reporter-output>
        </test-method> <!-- testMethod -->
        <test-method is-config="true" signature="setUp()[pri:0, instance:mainPackage.RunnerClass@1e800aaa]" started-at="2024-03-20T22:12:41 IST" name="setUp" finished-at="2024-03-20T22:12:59 IST" duration-ms="17940" status="PASS">
          <reporter-output>
          </reporter-output>
        </test-method> <!-- setUp -->
        <test-method is-config="true" signature="setUp()[pri:0, instance:mainPackage.RunnerClass@1e800aaa]" started-at="2024-03-20T22:12:45 IST" name="setUp" finished-at="2024-03-20T22:12:59 IST" duration-ms="14614" status="PASS">
          <reporter-output>
          </reporter-output>
        </test-method> <!-- setUp -->
        <test-method signature="testMethod(java.lang.String,java.lang.String,java.lang.String,java.lang.String)[pri:0, instance:mainPackage.RunnerClass@1e800aaa]" started-at="2024-03-20T22:12:59 IST" name="testMethod" data-provider="testData" finished-at="2024-03-20T22:13:38 IST" duration-ms="39267" status="PASS">
          <params>
            <param index="0">
              <value>
                <![CDATA[479845]]>
              </value>
            </param>
            <param index="1">
              <value>
                <![CDATA[Spokane]]>
              </value>
            </param>
            <param index="2">
              <value>
                <![CDATA[5617188937]]>
              </value>
            </param>
            <param index="3">
              <value>
                <![CDATA[1000000041]]>
              </value>
            </param>
          </params>
          <reporter-output>
          </reporter-output>
        </test-method> <!-- testMethod -->
        <test-method signature="testMethod(java.lang.String,java.lang.String,java.lang.String,java.lang.String)[pri:0, instance:mainPackage.RunnerClass@1e800aaa]" started-at="2024-03-20T22:12:59 IST" name="testMethod" data-provider="testData" finished-at="2024-03-20T22:13:38 IST" duration-ms="38205" status="PASS">
          <params>
            <param index="0">
              <value>
                <![CDATA[479846]]>
              </value>
            </param>
            <param index="1">
              <value>
                <![CDATA[Spokane]]>
              </value>
            </param>
            <param index="2">
              <value>
                <![CDATA[5617188898]]>
              </value>
            </param>
            <param index="3">
              <value>
                <![CDATA[1000000003]]>
              </value>
            </param>
          </params>
          <reporter-output>
          </reporter-output>
        </test-method> <!-- testMethod -->
        <test-method is-config="true" signature="setUp()[pri:0, instance:mainPackage.RunnerClass@1e800aaa]" started-at="2024-03-20T22:13:18 IST" name="setUp" finished-at="2024-03-20T22:13:32 IST" duration-ms="14115" status="PASS">
          <reporter-output>
          </reporter-output>
        </test-method> <!-- setUp -->
        <test-method signature="testMethod(java.lang.String,java.lang.String,java.lang.String,java.lang.String)[pri:0, instance:mainPackage.RunnerClass@1e800aaa]" started-at="2024-03-20T22:13:32 IST" name="testMethod" data-provider="testData" finished-at="2024-03-20T22:14:13 IST" duration-ms="41463" status="PASS">
          <params>
            <param index="0">
              <value>
                <![CDATA[479847]]>
              </value>
            </param>
            <param index="1">
              <value>
                <![CDATA[Spokane]]>
              </value>
            </param>
            <param index="2">
              <value>
                <![CDATA[5617188899]]>
              </value>
            </param>
            <param index="3">
              <value>
                <![CDATA[1000000004]]>
              </value>
            </param>
          </params>
          <reporter-output>
          </reporter-output>
        </test-method> <!-- testMethod -->
        <test-method is-config="true" signature="setUp()[pri:0, instance:mainPackage.RunnerClass@1e800aaa]" started-at="2024-03-20T22:13:38 IST" name="setUp" finished-at="2024-03-20T22:13:52 IST" duration-ms="14495" status="PASS">
          <reporter-output>
          </reporter-output>
        </test-method> <!-- setUp -->
        <test-method is-config="true" signature="setUp()[pri:0, instance:mainPackage.RunnerClass@1e800aaa]" started-at="2024-03-20T22:13:38 IST" name="setUp" finished-at="2024-03-20T22:13:55 IST" duration-ms="16605" status="PASS">
          <reporter-output>
          </reporter-output>
        </test-method> <!-- setUp -->
        <test-method signature="testMethod(java.lang.String,java.lang.String,java.lang.String,java.lang.String)[pri:0, instance:mainPackage.RunnerClass@1e800aaa]" started-at="2024-03-20T22:13:52 IST" name="testMethod" data-provider="testData" finished-at="2024-03-20T22:14:29 IST" duration-ms="36954" status="PASS">
          <params>
            <param index="0">
              <value>
                <![CDATA[479848]]>
              </value>
            </param>
            <param index="1">
              <value>
                <![CDATA[Spokane]]>
              </value>
            </param>
            <param index="2">
              <value>
                <![CDATA[5617188907]]>
              </value>
            </param>
            <param index="3">
              <value>
                <![CDATA[1000000012]]>
              </value>
            </param>
          </params>
          <reporter-output>
          </reporter-output>
        </test-method> <!-- testMethod -->
        <test-method signature="testMethod(java.lang.String,java.lang.String,java.lang.String,java.lang.String)[pri:0, instance:mainPackage.RunnerClass@1e800aaa]" started-at="2024-03-20T22:13:55 IST" name="testMethod" data-provider="testData" finished-at="2024-03-20T22:14:35 IST" duration-ms="39917" status="PASS">
          <params>
            <param index="0">
              <value>
                <![CDATA[479849]]>
              </value>
            </param>
            <param index="1">
              <value>
                <![CDATA[Spokane]]>
              </value>
            </param>
            <param index="2">
              <value>
                <![CDATA[5617188897]]>
              </value>
            </param>
            <param index="3">
              <value>
                <![CDATA[1000000002]]>
              </value>
            </param>
          </params>
          <reporter-output>
          </reporter-output>
        </test-method> <!-- testMethod -->
        <test-method is-config="true" signature="setUp()[pri:0, instance:mainPackage.RunnerClass@1e800aaa]" started-at="2024-03-20T22:14:13 IST" name="setUp" finished-at="2024-03-20T22:14:29 IST" duration-ms="15281" status="PASS">
          <reporter-output>
          </reporter-output>
        </test-method> <!-- setUp -->
        <test-method signature="testMethod(java.lang.String,java.lang.String,java.lang.String,java.lang.String)[pri:0, instance:mainPackage.RunnerClass@1e800aaa]" started-at="2024-03-20T22:14:29 IST" name="testMethod" data-provider="testData" finished-at="2024-03-20T22:15:08 IST" duration-ms="39053" status="PASS">
          <params>
            <param index="0">
              <value>
                <![CDATA[479850]]>
              </value>
            </param>
            <param index="1">
              <value>
                <![CDATA[Spokane]]>
              </value>
            </param>
            <param index="2">
              <value>
                <![CDATA[5617188902]]>
              </value>
            </param>
            <param index="3">
              <value>
                <![CDATA[1000000007]]>
              </value>
            </param>
          </params>
          <reporter-output>
          </reporter-output>
        </test-method> <!-- testMethod -->
        <test-method is-config="true" signature="setUp()[pri:0, instance:mainPackage.RunnerClass@1e800aaa]" started-at="2024-03-20T22:14:29 IST" name="setUp" finished-at="2024-03-20T22:14:45 IST" duration-ms="16175" status="PASS">
          <reporter-output>
          </reporter-output>
        </test-method> <!-- setUp -->
        <test-method is-config="true" signature="setUp()[pri:0, instance:mainPackage.RunnerClass@1e800aaa]" started-at="2024-03-20T22:14:35 IST" name="setUp" finished-at="2024-03-20T22:14:51 IST" duration-ms="16247" status="PASS">
          <reporter-output>
          </reporter-output>
        </test-method> <!-- setUp -->
        <test-method signature="testMethod(java.lang.String,java.lang.String,java.lang.String,java.lang.String)[pri:0, instance:mainPackage.RunnerClass@1e800aaa]" started-at="2024-03-20T22:14:45 IST" name="testMethod" data-provider="testData" finished-at="2024-03-20T22:15:24 IST" duration-ms="38830" status="PASS">
          <params>
            <param index="0">
              <value>
                <![CDATA[479851]]>
              </value>
            </param>
            <param index="1">
              <value>
                <![CDATA[Spokane]]>
              </value>
            </param>
            <param index="2">
              <value>
                <![CDATA[5617188927]]>
              </value>
            </param>
            <param index="3">
              <value>
                <![CDATA[1000000032]]>
              </value>
            </param>
          </params>
          <reporter-output>
          </reporter-output>
        </test-method> <!-- testMethod -->
        <test-method signature="testMethod(java.lang.String,java.lang.String,java.lang.String,java.lang.String)[pri:0, instance:mainPackage.RunnerClass@1e800aaa]" started-at="2024-03-20T22:14:51 IST" name="testMethod" data-provider="testData" finished-at="2024-03-20T22:15:30 IST" duration-ms="39105" status="PASS">
          <params>
            <param index="0">
              <value>
                <![CDATA[479852]]>
              </value>
            </param>
            <param index="1">
              <value>
                <![CDATA[Spokane]]>
              </value>
            </param>
            <param index="2">
              <value>
                <![CDATA[5617188918]]>
              </value>
            </param>
            <param index="3">
              <value>
                <![CDATA[1000000023]]>
              </value>
            </param>
          </params>
          <reporter-output>
          </reporter-output>
        </test-method> <!-- testMethod -->
        <test-method is-config="true" signature="setUp()[pri:0, instance:mainPackage.RunnerClass@1e800aaa]" started-at="2024-03-20T22:15:08 IST" name="setUp" finished-at="2024-03-20T22:15:23 IST" duration-ms="15210" status="PASS">
          <reporter-output>
          </reporter-output>
        </test-method> <!-- setUp -->
        <test-method signature="testMethod(java.lang.String,java.lang.String,java.lang.String,java.lang.String)[pri:0, instance:mainPackage.RunnerClass@1e800aaa]" started-at="2024-03-20T22:15:23 IST" name="testMethod" data-provider="testData" finished-at="2024-03-20T22:16:01 IST" duration-ms="38205" status="PASS">
          <params>
            <param index="0">
              <value>
                <![CDATA[479853]]>
              </value>
            </param>
            <param index="1">
              <value>
                <![CDATA[Spokane]]>
              </value>
            </param>
            <param index="2">
              <value>
                <![CDATA[5617188916]]>
              </value>
            </param>
            <param index="3">
              <value>
                <![CDATA[1000000021]]>
              </value>
            </param>
          </params>
          <reporter-output>
          </reporter-output>
        </test-method> <!-- testMethod -->
        <test-method is-config="true" signature="setUp()[pri:0, instance:mainPackage.RunnerClass@1e800aaa]" started-at="2024-03-20T22:15:24 IST" name="setUp" finished-at="2024-03-20T22:15:37 IST" duration-ms="13099" status="PASS">
          <reporter-output>
          </reporter-output>
        </test-method> <!-- setUp -->
        <test-method is-config="true" signature="setUp()[pri:0, instance:mainPackage.RunnerClass@1e800aaa]" started-at="2024-03-20T22:15:30 IST" name="setUp" finished-at="2024-03-20T22:15:44 IST" duration-ms="13513" status="PASS">
          <reporter-output>
          </reporter-output>
        </test-method> <!-- setUp -->
        <test-method signature="testMethod(java.lang.String,java.lang.String,java.lang.String,java.lang.String)[pri:0, instance:mainPackage.RunnerClass@1e800aaa]" started-at="2024-03-20T22:15:37 IST" name="testMethod" data-provider="testData" finished-at="2024-03-20T22:16:12 IST" duration-ms="34861" status="PASS">
          <params>
            <param index="0">
              <value>
                <![CDATA[479854]]>
              </value>
            </param>
            <param index="1">
              <value>
                <![CDATA[Spokane]]>
              </value>
            </param>
            <param index="2">
              <value>
                <![CDATA[5617188928]]>
              </value>
            </param>
            <param index="3">
              <value>
                <![CDATA[1000000033]]>
              </value>
            </param>
          </params>
          <reporter-output>
          </reporter-output>
        </test-method> <!-- testMethod -->
        <test-method signature="testMethod(java.lang.String,java.lang.String,java.lang.String,java.lang.String)[pri:0, instance:mainPackage.RunnerClass@1e800aaa]" started-at="2024-03-20T22:15:44 IST" name="testMethod" data-provider="testData" finished-at="2024-03-20T22:16:21 IST" duration-ms="37085" status="PASS">
          <params>
            <param index="0">
              <value>
                <![CDATA[479855]]>
              </value>
            </param>
            <param index="1">
              <value>
                <![CDATA[Spokane]]>
              </value>
            </param>
            <param index="2">
              <value>
                <![CDATA[5617188910]]>
              </value>
            </param>
            <param index="3">
              <value>
                <![CDATA[1000000015]]>
              </value>
            </param>
          </params>
          <reporter-output>
          </reporter-output>
        </test-method> <!-- testMethod -->
        <test-method is-config="true" signature="setUp()[pri:0, instance:mainPackage.RunnerClass@1e800aaa]" started-at="2024-03-20T22:16:01 IST" name="setUp" finished-at="2024-03-20T22:16:16 IST" duration-ms="14488" status="PASS">
          <reporter-output>
          </reporter-output>
        </test-method> <!-- setUp -->
        <test-method is-config="true" signature="setUp()[pri:0, instance:mainPackage.RunnerClass@1e800aaa]" started-at="2024-03-20T22:16:12 IST" name="setUp" finished-at="2024-03-20T22:16:25 IST" duration-ms="12916" status="PASS">
          <reporter-output>
          </reporter-output>
        </test-method> <!-- setUp -->
        <test-method signature="testMethod(java.lang.String,java.lang.String,java.lang.String,java.lang.String)[pri:0, instance:mainPackage.RunnerClass@1e800aaa]" started-at="2024-03-20T22:16:16 IST" name="testMethod" data-provider="testData" finished-at="2024-03-20T22:16:54 IST" duration-ms="38163" status="PASS">
          <params>
            <param index="0">
              <value>
                <![CDATA[479856]]>
              </value>
            </param>
            <param index="1">
              <value>
                <![CDATA[Spokane]]>
              </value>
            </param>
            <param index="2">
              <value>
                <![CDATA[5617188913]]>
              </value>
            </param>
            <param index="3">
              <value>
                <![CDATA[1000000018]]>
              </value>
            </param>
          </params>
          <reporter-output>
          </reporter-output>
        </test-method> <!-- testMethod -->
        <test-method is-config="true" signature="setUp()[pri:0, instance:mainPackage.RunnerClass@1e800aaa]" started-at="2024-03-20T22:16:21 IST" name="setUp" finished-at="2024-03-20T22:16:36 IST" duration-ms="14968" status="PASS">
          <reporter-output>
          </reporter-output>
        </test-method> <!-- setUp -->
        <test-method signature="testMethod(java.lang.String,java.lang.String,java.lang.String,java.lang.String)[pri:0, instance:mainPackage.RunnerClass@1e800aaa]" started-at="2024-03-20T22:16:25 IST" name="testMethod" data-provider="testData" finished-at="2024-03-20T22:17:03 IST" duration-ms="38460" status="PASS">
          <params>
            <param index="0">
              <value>
                <![CDATA[479857]]>
              </value>
            </param>
            <param index="1">
              <value>
                <![CDATA[Spokane]]>
              </value>
            </param>
            <param index="2">
              <value>
                <![CDATA[5617188900]]>
              </value>
            </param>
            <param index="3">
              <value>
                <![CDATA[1000000005]]>
              </value>
            </param>
          </params>
          <reporter-output>
          </reporter-output>
        </test-method> <!-- testMethod -->
        <test-method signature="testMethod(java.lang.String,java.lang.String,java.lang.String,java.lang.String)[pri:0, instance:mainPackage.RunnerClass@1e800aaa]" started-at="2024-03-20T22:16:36 IST" name="testMethod" data-provider="testData" finished-at="2024-03-20T22:17:15 IST" duration-ms="39278" status="PASS">
          <params>
            <param index="0">
              <value>
                <![CDATA[479858]]>
              </value>
            </param>
            <param index="1">
              <value>
                <![CDATA[Spokane]]>
              </value>
            </param>
            <param index="2">
              <value>
                <![CDATA[5617188930]]>
              </value>
            </param>
            <param index="3">
              <value>
                <![CDATA[1000000035]]>
              </value>
            </param>
          </params>
          <reporter-output>
          </reporter-output>
        </test-method> <!-- testMethod -->
        <test-method is-config="true" signature="setUp()[pri:0, instance:mainPackage.RunnerClass@1e800aaa]" started-at="2024-03-20T22:16:54 IST" name="setUp" finished-at="2024-03-20T22:17:10 IST" duration-ms="15846" status="PASS">
          <reporter-output>
          </reporter-output>
        </test-method> <!-- setUp -->
        <test-method is-config="true" signature="setUp()[pri:0, instance:mainPackage.RunnerClass@1e800aaa]" started-at="2024-03-20T22:17:03 IST" name="setUp" finished-at="2024-03-20T22:17:17 IST" duration-ms="13941" status="PASS">
          <reporter-output>
          </reporter-output>
        </test-method> <!-- setUp -->
        <test-method signature="testMethod(java.lang.String,java.lang.String,java.lang.String,java.lang.String)[pri:0, instance:mainPackage.RunnerClass@1e800aaa]" started-at="2024-03-20T22:17:10 IST" name="testMethod" data-provider="testData" finished-at="2024-03-20T22:17:49 IST" duration-ms="38990" status="PASS">
          <params>
            <param index="0">
              <value>
                <![CDATA[479859]]>
              </value>
            </param>
            <param index="1">
              <value>
                <![CDATA[Spokane]]>
              </value>
            </param>
            <param index="2">
              <value>
                <![CDATA[5617188901]]>
              </value>
            </param>
            <param index="3">
              <value>
                <![CDATA[1000000006]]>
              </value>
            </param>
          </params>
          <reporter-output>
          </reporter-output>
        </test-method> <!-- testMethod -->
        <test-method is-config="true" signature="setUp()[pri:0, instance:mainPackage.RunnerClass@1e800aaa]" started-at="2024-03-20T22:17:15 IST" name="setUp" finished-at="2024-03-20T22:17:29 IST" duration-ms="14564" status="PASS">
          <reporter-output>
          </reporter-output>
        </test-method> <!-- setUp -->
        <test-method signature="testMethod(java.lang.String,java.lang.String,java.lang.String,java.lang.String)[pri:0, instance:mainPackage.RunnerClass@1e800aaa]" started-at="2024-03-20T22:17:17 IST" name="testMethod" data-provider="testData" finished-at="2024-03-20T22:17:56 IST" duration-ms="38241" status="PASS">
          <params>
            <param index="0">
              <value>
                <![CDATA[479860]]>
              </value>
            </param>
            <param index="1">
              <value>
                <![CDATA[Spokane]]>
              </value>
            </param>
            <param index="2">
              <value>
                <![CDATA[5617188917]]>
              </value>
            </param>
            <param index="3">
              <value>
                <![CDATA[1000000022]]>
              </value>
            </param>
          </params>
          <reporter-output>
          </reporter-output>
        </test-method> <!-- testMethod -->
        <test-method signature="testMethod(java.lang.String,java.lang.String,java.lang.String,java.lang.String)[pri:0, instance:mainPackage.RunnerClass@1e800aaa]" started-at="2024-03-20T22:17:29 IST" name="testMethod" data-provider="testData" finished-at="2024-03-20T22:18:07 IST" duration-ms="37796" status="PASS">
          <params>
            <param index="0">
              <value>
                <![CDATA[479861]]>
              </value>
            </param>
            <param index="1">
              <value>
                <![CDATA[Spokane]]>
              </value>
            </param>
            <param index="2">
              <value>
                <![CDATA[5617188914]]>
              </value>
            </param>
            <param index="3">
              <value>
                <![CDATA[1000000019]]>
              </value>
            </param>
          </params>
          <reporter-output>
          </reporter-output>
        </test-method> <!-- testMethod -->
        <test-method is-config="true" signature="sendMail()[pri:0, instance:mainPackage.RunnerClass@1e800aaa]" started-at="2024-03-20T22:18:07 IST" name="sendMail" finished-at="2024-03-20T22:18:16 IST" duration-ms="8608" status="PASS">
          <reporter-output>
          </reporter-output>
        </test-method> <!-- sendMail -->
      </class> <!-- mainPackage.RunnerClass -->
    </test> <!-- DataProviderTest -->
  </suite> <!-- DataProviderSuite -->
</testng-results>
