<?xml version="1.0" encoding="UTF-8"?>
<testng-results ignored="0" total="6" passed="6" failed="0" skipped="0">
  <reporter-output>
  </reporter-output>
  <suite started-at="2024-05-03T16:46:28 IST" name="DataProviderSuite" finished-at="2024-05-03T16:52:29 IST" duration-ms="361296">
    <groups>
    </groups>
    <test started-at="2024-05-03T16:46:28 IST" name="DataProviderTest" finished-at="2024-05-03T16:52:29 IST" duration-ms="361296">
      <class name="mainPackage.RunnerClass">
        <test-method is-config="true" signature="setUp()[pri:0, instance:mainPackage.RunnerClass@1e800aaa]" started-at="2024-05-03T16:46:31 IST" name="setUp" finished-at="2024-05-03T16:46:49 IST" duration-ms="18073" status="PASS">
          <reporter-output>
          </reporter-output>
        </test-method> <!-- setUp -->
        <test-method signature="testMethod(java.lang.String,java.lang.String,java.lang.String,java.lang.String)[pri:0, instance:mainPackage.RunnerClass@1e800aaa]" started-at="2024-05-03T16:46:49 IST" name="testMethod" data-provider="testData" finished-at="2024-05-03T16:47:35 IST" duration-ms="46095" status="PASS">
          <params>
            <param index="0">
              <value>
                <![CDATA[479878]]>
              </value>
            </param>
            <param index="1">
              <value>
                <![CDATA[Spokane]]>
              </value>
            </param>
            <param index="2">
              <value>
                <![CDATA[5690654769]]>
              </value>
            </param>
            <param index="3">
              <value>
                <![CDATA[1000015557]]>
              </value>
            </param>
          </params>
          <reporter-output>
          </reporter-output>
        </test-method> <!-- testMethod -->
        <test-method is-config="true" signature="setUp()[pri:0, instance:mainPackage.RunnerClass@1e800aaa]" started-at="2024-05-03T16:47:35 IST" name="setUp" finished-at="2024-05-03T16:47:49 IST" duration-ms="13729" status="PASS">
          <reporter-output>
          </reporter-output>
        </test-method> <!-- setUp -->
        <test-method signature="testMethod(java.lang.String,java.lang.String,java.lang.String,java.lang.String)[pri:0, instance:mainPackage.RunnerClass@1e800aaa]" started-at="2024-05-03T16:47:49 IST" name="testMethod" data-provider="testData" finished-at="2024-05-03T16:48:34 IST" duration-ms="44829" status="PASS">
          <params>
            <param index="0">
              <value>
                <![CDATA[479883]]>
              </value>
            </param>
            <param index="1">
              <value>
                <![CDATA[Spokane]]>
              </value>
            </param>
            <param index="2">
              <value>
                <![CDATA[5690654775]]>
              </value>
            </param>
            <param index="3">
              <value>
                <![CDATA[1000015561]]>
              </value>
            </param>
          </params>
          <reporter-output>
          </reporter-output>
        </test-method> <!-- testMethod -->
        <test-method is-config="true" signature="setUp()[pri:0, instance:mainPackage.RunnerClass@1e800aaa]" started-at="2024-05-03T16:48:34 IST" name="setUp" finished-at="2024-05-03T16:48:48 IST" duration-ms="14562" status="PASS">
          <reporter-output>
          </reporter-output>
        </test-method> <!-- setUp -->
        <test-method signature="testMethod(java.lang.String,java.lang.String,java.lang.String,java.lang.String)[pri:0, instance:mainPackage.RunnerClass@1e800aaa]" started-at="2024-05-03T16:48:48 IST" name="testMethod" data-provider="testData" finished-at="2024-05-03T16:49:33 IST" duration-ms="44926" status="PASS">
          <params>
            <param index="0">
              <value>
                <![CDATA[479882]]>
              </value>
            </param>
            <param index="1">
              <value>
                <![CDATA[Spokane]]>
              </value>
            </param>
            <param index="2">
              <value>
                <![CDATA[5690654776]]>
              </value>
            </param>
            <param index="3">
              <value>
                <![CDATA[1000015564]]>
              </value>
            </param>
          </params>
          <reporter-output>
          </reporter-output>
        </test-method> <!-- testMethod -->
        <test-method is-config="true" signature="setUp()[pri:0, instance:mainPackage.RunnerClass@1e800aaa]" started-at="2024-05-03T16:49:33 IST" name="setUp" finished-at="2024-05-03T16:49:47 IST" duration-ms="13971" status="PASS">
          <reporter-output>
          </reporter-output>
        </test-method> <!-- setUp -->
        <test-method signature="testMethod(java.lang.String,java.lang.String,java.lang.String,java.lang.String)[pri:0, instance:mainPackage.RunnerClass@1e800aaa]" started-at="2024-05-03T16:49:47 IST" name="testMethod" data-provider="testData" finished-at="2024-05-03T16:50:32 IST" duration-ms="44451" status="PASS">
          <params>
            <param index="0">
              <value>
                <![CDATA[479875]]>
              </value>
            </param>
            <param index="1">
              <value>
                <![CDATA[Spokane]]>
              </value>
            </param>
            <param index="2">
              <value>
                <![CDATA[5690654777]]>
              </value>
            </param>
            <param index="3">
              <value>
                <![CDATA[1000015565]]>
              </value>
            </param>
          </params>
          <reporter-output>
          </reporter-output>
        </test-method> <!-- testMethod -->
        <test-method is-config="true" signature="setUp()[pri:0, instance:mainPackage.RunnerClass@1e800aaa]" started-at="2024-05-03T16:50:32 IST" name="setUp" finished-at="2024-05-03T16:50:47 IST" duration-ms="14932" status="PASS">
          <reporter-output>
          </reporter-output>
        </test-method> <!-- setUp -->
        <test-method signature="testMethod(java.lang.String,java.lang.String,java.lang.String,java.lang.String)[pri:0, instance:mainPackage.RunnerClass@1e800aaa]" started-at="2024-05-03T16:50:47 IST" name="testMethod" data-provider="testData" finished-at="2024-05-03T16:51:31 IST" duration-ms="44618" status="PASS">
          <params>
            <param index="0">
              <value>
                <![CDATA[479873]]>
              </value>
            </param>
            <param index="1">
              <value>
                <![CDATA[Spokane]]>
              </value>
            </param>
            <param index="2">
              <value>
                <![CDATA[5690654778]]>
              </value>
            </param>
            <param index="3">
              <value>
                <![CDATA[1000015566]]>
              </value>
            </param>
          </params>
          <reporter-output>
          </reporter-output>
        </test-method> <!-- testMethod -->
        <test-method is-config="true" signature="setUp()[pri:0, instance:mainPackage.RunnerClass@1e800aaa]" started-at="2024-05-03T16:51:31 IST" name="setUp" finished-at="2024-05-03T16:51:46 IST" duration-ms="14725" status="PASS">
          <reporter-output>
          </reporter-output>
        </test-method> <!-- setUp -->
        <test-method signature="testMethod(java.lang.String,java.lang.String,java.lang.String,java.lang.String)[pri:0, instance:mainPackage.RunnerClass@1e800aaa]" started-at="2024-05-03T16:51:46 IST" name="testMethod" data-provider="testData" finished-at="2024-05-03T16:52:29 IST" duration-ms="43120" status="PASS">
          <params>
            <param index="0">
              <value>
                <![CDATA[479879]]>
              </value>
            </param>
            <param index="1">
              <value>
                <![CDATA[Spokane]]>
              </value>
            </param>
            <param index="2">
              <value>
                <![CDATA[5690654779]]>
              </value>
            </param>
            <param index="3">
              <value>
                <![CDATA[1000015567]]>
              </value>
            </param>
          </params>
          <reporter-output>
          </reporter-output>
        </test-method> <!-- testMethod -->
        <test-method is-config="true" signature="sendMail()[pri:0, instance:mainPackage.RunnerClass@1e800aaa]" started-at="2024-05-03T16:52:29 IST" name="sendMail" finished-at="2024-05-03T16:52:32 IST" duration-ms="2638" status="PASS">
          <reporter-output>
          </reporter-output>
        </test-method> <!-- sendMail -->
      </class> <!-- mainPackage.RunnerClass -->
    </test> <!-- DataProviderTest -->
  </suite> <!-- DataProviderSuite -->
</testng-results>
